\BOOKMARK [1][-]{Doc-Start}{Title Page}{}% 1
\BOOKMARK [1][-]{Doc-Start}{Abstract}{}% 2
\BOOKMARK [1][-]{Doc-Start}{Table of Contents}{}% 3
\BOOKMARK [1][-]{chapter*.2}{List of Figures}{}% 4
\BOOKMARK [1][-]{chapter*.3}{List of Tables}{}% 5
\BOOKMARK [1][-]{chapter*.3}{Citations to Previously Published Work}{}% 6
\BOOKMARK [1][-]{chapter*.3}{Acknowledgments}{}% 7
\BOOKMARK [1][-]{chapter*.3}{Dedication}{}% 8
\BOOKMARK [0][-]{chapter.1}{Introduction and Motivation}{}% 9
\BOOKMARK [1][-]{section.1.1}{Overview and Structure}{chapter.1}% 10
\BOOKMARK [1][-]{section.1.2}{Optomechanical Systems}{chapter.1}% 11
\BOOKMARK [1][-]{section.1.3}{Atom-Cavity Systems}{chapter.1}% 12
\BOOKMARK [1][-]{section.1.4}{Rydberg Interactions}{chapter.1}% 13
\BOOKMARK [1][-]{section.1.5}{Quantum Repeaters}{chapter.1}% 14
\BOOKMARK [1][-]{section.1.6}{Atomic Clocks and Quantum Metrology}{chapter.1}% 15
\BOOKMARK [0][-]{chapter.2}{Single-photon nonlinearities in two-mode optomechanics}{}% 16
\BOOKMARK [1][-]{section.2.1}{Introduction}{chapter.2}% 17
\BOOKMARK [1][-]{section.2.2}{Multimode optomechanics}{chapter.2}% 18
\BOOKMARK [1][-]{section.2.3}{Equal-time correlations}{chapter.2}% 19
\BOOKMARK [2][-]{subsection.2.3.1}{Average transmission and reflection}{section.2.3}% 20
\BOOKMARK [2][-]{subsection.2.3.2}{Intensity correlations}{section.2.3}% 21
\BOOKMARK [2][-]{subsection.2.3.3}{Absence of two-photon resonance at = 0}{section.2.3}% 22
\BOOKMARK [2][-]{subsection.2.3.4}{Finite temperature}{section.2.3}% 23
\BOOKMARK [1][-]{section.2.4}{Delayed coincidence and single phonon states}{chapter.2}% 24
\BOOKMARK [2][-]{subsection.2.4.1}{Driven mode}{section.2.4}% 25
\BOOKMARK [2][-]{subsection.2.4.2}{Heralded single phonon states}{section.2.4}% 26
\BOOKMARK [1][-]{section.2.5}{Reaching strong coupling}{chapter.2}% 27
\BOOKMARK [1][-]{section.2.6}{Conclusions}{chapter.2}% 28
\BOOKMARK [0][-]{chapter.3}{Optomechanical quantum information processing with photons and phonons}{}% 29
\BOOKMARK [1][-]{section.3.1}{Introduction}{chapter.3}% 30
\BOOKMARK [0][-]{chapter.4}{Heralded Quantum Gates with Integrated Error Detection in Optical Cavities}{}% 31
\BOOKMARK [1][-]{section.4.1}{Introduction}{chapter.4}% 32
\BOOKMARK [0][-]{chapter.5}{Long-distance entanglement distribution using individual atoms in optical cavities}{}% 33
\BOOKMARK [1][-]{section.5.1}{Introduction}{chapter.5}% 34
\BOOKMARK [0][-]{chapter.6}{Heisenberg-Limited Atom Clocks Based on Entangled Qubits}{}% 35
\BOOKMARK [1][-]{section.6.1}{Introduction}{chapter.6}% 36
\BOOKMARK [0][-]{chapter.7}{A quantum network of clocks}{}% 37
\BOOKMARK [1][-]{section.7.1}{Introduction}{chapter.7}% 38
\BOOKMARK [0][-]{chapter.8}{Entangling collective Rydberg excitations of remote atomic ensembles}{}% 39
\BOOKMARK [1][-]{section.8.1}{Introduction}{chapter.8}% 40
\BOOKMARK [0][-]{chapter*.4}{Bibliography}{}% 41
\BOOKMARK [0][-]{appendix.A}{Appendices for Chapter 2}{}% 42
\BOOKMARK [1][-]{section.A.1}{Derivation of reflected mode operator}{appendix.A}% 43
\BOOKMARK [1][-]{section.A.2}{Analytic model}{appendix.A}% 44
