This is pdfTeX, Version 3.1415926-2.3-1.40.12 (MiKTeX 2.9) (preloaded format=pdflatex 2012.5.30)  30 SEP 2015 14:50
entering extended mode
**thesis.tex
(C:\Doc\Harvard\graduation\Thesis\TheThesis\thesis.tex
LaTeX2e <2011/06/27>
Babel <v3.8m> and hyphenation patterns for english, afrikaans, ancientgreek, ar
abic, armenian, assamese, basque, bengali, bokmal, bulgarian, catalan, coptic, 
croatian, czech, danish, dutch, esperanto, estonian, farsi, finnish, french, ga
lician, german, german-x-2009-06-19, greek, gujarati, hindi, hungarian, iceland
ic, indonesian, interlingua, irish, italian, kannada, kurmanji, lao, latin, lat
vian, lithuanian, malayalam, marathi, mongolian, mongolianlmc, monogreek, ngerm
an, ngerman-x-2009-06-19, nynorsk, oriya, panjabi, pinyin, polish, portuguese, 
romanian, russian, sanskrit, serbian, slovak, slovenian, spanish, swedish, swis
sgerman, tamil, telugu, turkish, turkmen, ukenglish, ukrainian, uppersorbian, u
senglishmax, welsh, loaded.
(C:\Doc\Harvard\graduation\Thesis\TheThesis\huthesis.cls
Document Class: huthesis 2007/09/20 v1.4 Harvard University Thesis Class
(C:\Users\Petya\AppData\Roaming\MiKTeX\2.9\tex\latex\fancyhdr\fancyhdr.sty
\fancy@headwidth=\skip41
\f@ncyO@elh=\skip42
\f@ncyO@erh=\skip43
\f@ncyO@olh=\skip44
\f@ncyO@orh=\skip45
\f@ncyO@elf=\skip46
\f@ncyO@erf=\skip47
\f@ncyO@olf=\skip48
\f@ncyO@orf=\skip49
)
(C:\Doc\Harvard\graduation\Thesis\TheThesis\hut12.clo)
\descriptionmargin=\dimen102
\c@part=\count79
\c@chapter=\count80
\c@section=\count81
\c@subsection=\count82
\c@subsubsection=\count83
\c@paragraph=\count84
\c@subparagraph=\count85
\c@figure=\count86
\c@table=\count87


Package Fancyhdr Warning: \fancyhead's `E' option without twoside option is use
less on input line 1306.


Package Fancyhdr Warning: \fancyhead's `E' option without twoside option is use
less on input line 1308.

) ("C:\Programs\MiKTeX 2.9\tex\latex\graphics\epsfig.sty"
Package: epsfig 1999/02/16 v1.7a (e)psfig emulation (SPQR)

("C:\Programs\MiKTeX 2.9\tex\latex\graphics\graphicx.sty"
Package: graphicx 1999/02/16 v1.0f Enhanced LaTeX Graphics (DPC,SPQR)

("C:\Programs\MiKTeX 2.9\tex\latex\graphics\keyval.sty"
Package: keyval 1999/03/16 v1.13 key=value parser (DPC)
\KV@toks@=\toks14
)
("C:\Programs\MiKTeX 2.9\tex\latex\graphics\graphics.sty"
Package: graphics 2009/02/05 v1.0o Standard LaTeX Graphics (DPC,SPQR)

("C:\Programs\MiKTeX 2.9\tex\latex\graphics\trig.sty"
Package: trig 1999/03/16 v1.09 sin cos tan (DPC)
)
("C:\Programs\MiKTeX 2.9\tex\latex\00miktex\graphics.cfg"
File: graphics.cfg 2007/01/18 v1.5 graphics configuration of teTeX/TeXLive
)
Package graphics Info: Driver file: pdftex.def on input line 91.

("C:\Programs\MiKTeX 2.9\tex\latex\pdftex-def\pdftex.def"
File: pdftex.def 2011/05/27 v0.06d Graphics/color for pdfTeX

("C:\Programs\MiKTeX 2.9\tex\generic\oberdiek\infwarerr.sty"
Package: infwarerr 2010/04/08 v1.3 Providing info/warning/error messages (HO)
)
("C:\Programs\MiKTeX 2.9\tex\generic\oberdiek\ltxcmds.sty"
Package: ltxcmds 2011/11/09 v1.22 LaTeX kernel commands for general use (HO)
)
\Gread@gobject=\count88
))
\Gin@req@height=\dimen103
\Gin@req@width=\dimen104
)
\epsfxsize=\dimen105
\epsfysize=\dimen106
)
("C:\Programs\MiKTeX 2.9\tex\latex\tools\bm.sty"
Package: bm 2004/02/26 v1.1c Bold Symbol Support (DPC/FMi)
\symboldoperators=\mathgroup4
\symboldletters=\mathgroup5
\symboldsymbols=\mathgroup6
LaTeX Font Info:    Redeclaring math alphabet \mathbf on input line 138.
LaTeX Info: Redefining \bm on input line 204.
)
(C:\Users\Petya\AppData\Roaming\MiKTeX\2.9\tex\latex\epsf\epsf.sty
This is `epsf.tex' v2.7.4 <14 February 2011>
\epsffilein=\read1
\epsfframemargin=\dimen107
\epsfframethickness=\dimen108
\epsfrsize=\dimen109
\epsftmp=\dimen110
\epsftsize=\dimen111
\epsfxsize=\dimen112
\epsfysize=\dimen113
\pspoints=\dimen114
) ("C:\Programs\MiKTeX 2.9\tex\latex\float\float.sty"
Package: float 2001/11/08 v1.3d Float enhancements (AL)
\c@float@type=\count89
\float@exts=\toks15
\float@box=\box26
\@float@everytoks=\toks16
\@floatcapt=\box27
)
("C:\Programs\MiKTeX 2.9\tex\latex\amsfonts\amsfonts.sty"
Package: amsfonts 2009/06/22 v3.00 Basic AMSFonts support
\@emptytoks=\toks17
\symAMSa=\mathgroup7
\symAMSb=\mathgroup8
LaTeX Font Info:    Overwriting math alphabet `\mathfrak' in version `bold'
(Font)                  U/euf/m/n --> U/euf/b/n on input line 96.
)
("C:\Programs\MiKTeX 2.9\tex\latex\amsmath\amsmath.sty"
Package: amsmath 2013/01/14 v2.14 AMS math features
\@mathmargin=\skip50

For additional information on amsmath, use the `?' option.
("C:\Programs\MiKTeX 2.9\tex\latex\amsmath\amstext.sty"
Package: amstext 2000/06/29 v2.01

("C:\Programs\MiKTeX 2.9\tex\latex\amsmath\amsgen.sty"
File: amsgen.sty 1999/11/30 v2.0
\@emptytoks=\toks18
\ex@=\dimen115
))
("C:\Programs\MiKTeX 2.9\tex\latex\amsmath\amsbsy.sty"
Package: amsbsy 1999/11/29 v1.2d
LaTeX Info: Redefining \boldsymbol on input line 39.
\pmbraise@=\dimen116
)
("C:\Programs\MiKTeX 2.9\tex\latex\amsmath\amsopn.sty"
Package: amsopn 1999/12/14 v2.01 operator names
)
\inf@bad=\count90
LaTeX Info: Redefining \frac on input line 210.
\uproot@=\count91
\leftroot@=\count92
LaTeX Info: Redefining \overline on input line 306.
\classnum@=\count93
\DOTSCASE@=\count94
LaTeX Info: Redefining \ldots on input line 378.
LaTeX Info: Redefining \dots on input line 381.
LaTeX Info: Redefining \cdots on input line 466.
\Mathstrutbox@=\box28
\strutbox@=\box29
\big@size=\dimen117
LaTeX Font Info:    Redeclaring font encoding OML on input line 566.
LaTeX Font Info:    Redeclaring font encoding OMS on input line 567.
\macc@depth=\count95
\c@MaxMatrixCols=\count96
\dotsspace@=\muskip10
\c@parentequation=\count97
\dspbrk@lvl=\count98
\tag@help=\toks19
\row@=\count99
\column@=\count100
\maxfields@=\count101
\andhelp@=\toks20
\eqnshift@=\dimen118
\alignsep@=\dimen119
\tagshift@=\dimen120
\tagwidth@=\dimen121
\totwidth@=\dimen122
\lineht@=\dimen123
\@envbody=\toks21
\multlinegap=\skip51
\multlinetaggap=\skip52
\mathdisplay@stack=\toks22
LaTeX Info: Redefining \[ on input line 2665.
LaTeX Info: Redefining \] on input line 2666.
)
("C:\Programs\MiKTeX 2.9\tex\latex\amsfonts\amssymb.sty"
Package: amssymb 2009/06/22 v3.00
)
(C:\Users\Petya\AppData\Roaming\MiKTeX\2.9\tex\latex\dstroke\dsfont.sty
Package: dsfont 1995/08/01 v0.1 Double stroke roman fonts
)
("C:\Programs\MiKTeX 2.9\tex\latex\graphics\color.sty"
Package: color 2005/11/14 v1.0j Standard LaTeX Color (DPC)

("C:\Programs\MiKTeX 2.9\tex\latex\00miktex\color.cfg"
File: color.cfg 2007/01/18 v1.5 color configuration of teTeX/TeXLive
)
Package color Info: Driver file: pdftex.def on input line 130.
)
(C:\Doc\Harvard\graduation\Thesis\TheThesis\thesis.aux
(C:\Doc\Harvard\graduation\Thesis\TheThesis\frontmatter.aux)
(C:\Doc\Harvard\graduation\Thesis\TheThesis\ch_intro.aux)
(C:\Doc\Harvard\graduation\Thesis\TheThesis\ch_Komar2013.aux)
(C:\Doc\Harvard\graduation\Thesis\TheThesis\ch_Stannigel2012.aux)
(C:\Doc\Harvard\graduation\Thesis\TheThesis\ch_Borregaard2015a.aux)
(C:\Doc\Harvard\graduation\Thesis\TheThesis\ch_Borregaard2015b.aux)
(C:\Doc\Harvard\graduation\Thesis\TheThesis\ch_Kessler2014.aux)
(C:\Doc\Harvard\graduation\Thesis\TheThesis\ch_Komar2014.aux)
(C:\Doc\Harvard\graduation\Thesis\TheThesis\ch_Komar2015.aux)
(C:\Doc\Harvard\graduation\Thesis\TheThesis\b.aux))
LaTeX Font Info:    Checking defaults for OML/cmm/m/it on input line 40.
LaTeX Font Info:    ... okay on input line 40.
LaTeX Font Info:    Checking defaults for T1/cmr/m/n on input line 40.
LaTeX Font Info:    ... okay on input line 40.
LaTeX Font Info:    Checking defaults for OT1/cmr/m/n on input line 40.
LaTeX Font Info:    ... okay on input line 40.
LaTeX Font Info:    Checking defaults for OMS/cmsy/m/n on input line 40.
LaTeX Font Info:    ... okay on input line 40.
LaTeX Font Info:    Checking defaults for OMX/cmex/m/n on input line 40.
LaTeX Font Info:    ... okay on input line 40.
LaTeX Font Info:    Checking defaults for U/cmr/m/n on input line 40.
LaTeX Font Info:    ... okay on input line 40.

(C:\Users\Petya\AppData\Roaming\MiKTeX\2.9\tex\context\base\supp-pdf.mkii
[Loading MPS to PDF converter (version 2006.09.02).]
\scratchcounter=\count102
\scratchdimen=\dimen124
\scratchbox=\box30
\nofMPsegments=\count103
\nofMParguments=\count104
\everyMPshowfont=\toks23
\MPscratchCnt=\count105
\MPscratchDim=\dimen125
\MPnumerator=\count106
\makeMPintoPDFobject=\count107
\everyMPtoPDFconversion=\toks24
) (C:\Doc\Harvard\graduation\Thesis\TheThesis\mathdefs.tex
\c@eqletter=\count108
)
(C:\Doc\Harvard\graduation\Thesis\TheThesis\frontmatter.tex [1


{C:/Users/Petya/AppData/Local/MiKTeX/2.9/pdftex/config/pdftex.map}]
LaTeX Font Info:    Try loading font information for OMS+cmr on input line 14.

("C:\Programs\MiKTeX 2.9\tex\latex\base\omscmr.fd"
File: omscmr.fd 1999/05/25 v2.5h Standard LaTeX font definitions
)
LaTeX Font Info:    Font shape `OMS/cmr/m/n' in size <12> not available
(Font)              Font shape `OMS/cmsy/m/n' tried instead on input line 14.
 [2]
Underfull \hbox (badness 10000) in paragraph at lines 17--17

 []

LaTeX Font Info:    Try loading font information for U+msa on input line 23.
("C:\Programs\MiKTeX 2.9\tex\latex\amsfonts\umsa.fd"
File: umsa.fd 2009/06/22 v3.00 AMS symbols A
)
LaTeX Font Info:    Try loading font information for U+msb on input line 23.

("C:\Programs\MiKTeX 2.9\tex\latex\amsfonts\umsb.fd"
File: umsb.fd 2009/06/22 v3.00 AMS symbols B
) [3]
(C:\Doc\Harvard\graduation\Thesis\TheThesis\thesis.toc [4

])
\tf@toc=\write3


Package Fancyhdr Warning: \headheight is too small (14.0pt): 
 Make it at least 14.49998pt.
 We now make it that large for the rest of the document.
 This may cause the page layout to be inconsistent, however.

[5] (C:\Doc\Harvard\graduation\Thesis\TheThesis\thesis.lof)
\tf@lof=\write4
 [6

]
(C:\Doc\Harvard\graduation\Thesis\TheThesis\thesis.lot)
\tf@lot=\write5
 [7

]
Overfull \hbox (7.22266pt too wide) in paragraph at lines 58--73
[][]\OT1/cmr/m/n/12 Chapter 2[]: ``Single-photon non-lin-ear-i-ties in two-mode
 op-tome-chan-ics,'' P. Komar,
 []

Missing character: There is no – in font cmr12!
[8] [9] [10]) (C:\Doc\Harvard\graduation\Thesis\TheThesis\ch_intro.tex
Chapter 1.
) [1



] (C:\Doc\Harvard\graduation\Thesis\TheThesis\ch_Komar2013.tex
Chapter 2.
) [2



] (C:\Doc\Harvard\graduation\Thesis\TheThesis\ch_Stannigel2012.tex
Chapter 3.
) [3



] (C:\Doc\Harvard\graduation\Thesis\TheThesis\ch_Borregaard2015a.tex
Chapter 4.
) [4



] (C:\Doc\Harvard\graduation\Thesis\TheThesis\ch_Borregaard2015b.tex
Chapter 5.
) [5



] (C:\Doc\Harvard\graduation\Thesis\TheThesis\ch_Kessler2014.tex
Chapter 6.
) [6



] (C:\Doc\Harvard\graduation\Thesis\TheThesis\ch_Komar2014.tex
Chapter 7.
) [7



] (C:\Doc\Harvard\graduation\Thesis\TheThesis\ch_Komar2015.tex
Chapter 8.
) [8



] (C:\Doc\Harvard\graduation\Thesis\TheThesis\b.tex
No file thesis.bbl.
) [9



] (C:\Doc\Harvard\graduation\Thesis\TheThesis\thesis.aux
(C:\Doc\Harvard\graduation\Thesis\TheThesis\frontmatter.aux)
(C:\Doc\Harvard\graduation\Thesis\TheThesis\ch_intro.aux)
(C:\Doc\Harvard\graduation\Thesis\TheThesis\ch_Komar2013.aux)
(C:\Doc\Harvard\graduation\Thesis\TheThesis\ch_Stannigel2012.aux)
(C:\Doc\Harvard\graduation\Thesis\TheThesis\ch_Borregaard2015a.aux)
(C:\Doc\Harvard\graduation\Thesis\TheThesis\ch_Borregaard2015b.aux)
(C:\Doc\Harvard\graduation\Thesis\TheThesis\ch_Kessler2014.aux)
(C:\Doc\Harvard\graduation\Thesis\TheThesis\ch_Komar2014.aux)
(C:\Doc\Harvard\graduation\Thesis\TheThesis\ch_Komar2015.aux)
(C:\Doc\Harvard\graduation\Thesis\TheThesis\b.aux)) ) 
Here is how much of TeX's memory you used:
 2737 strings out of 494045
 35586 string characters out of 3150402
 90889 words of memory out of 3000000
 5915 multiletter control sequences out of 15000+200000
 13525 words of font info for 49 fonts, out of 3000000 for 9000
 715 hyphenation exceptions out of 8191
 34i,11n,46p,254b,342s stack positions out of 5000i,500n,10000p,200000b,50000s
<C:/Programs/MiKTeX 2.9/fo
nts/type1/public/amsfonts/cm/cmbx12.pfb><C:/Programs/MiKTeX 2.9/fonts/type1/pub
lic/amsfonts/cm/cmr12.pfb><C:/Programs/MiKTeX 2.9/fonts/type1/public/amsfonts/c
m/cmsy10.pfb><C:/Programs/MiKTeX 2.9/fonts/type1/public/amsfonts/cm/cmti12.pfb>

Output written on thesis.pdf (19 pages, 77682 bytes).
PDF statistics:
 80 PDF objects out of 1000 (max. 8388607)
 0 named destinations out of 1000 (max. 500000)
 1 words of extra memory for PDF output out of 10000 (max. 10000000)

